Sun May 29 2016 10:25:13 GMT+0200 (CEST)
Sun Jun 05 2016 10:25:13 GMT+0200 (CEST)
Sun Jun 12 2016 10:25:13 GMT+0200 (CEST)
Sun Jul 10 2016 10:25:13 GMT+0200 (CEST)
Sun Jul 17 2016 10:25:13 GMT+0200 (CEST)
Sun Sep 25 2016 10:25:13 GMT+0200 (CEST)
Sun Nov 27 2016 10:25:13 GMT+0100 (CET)
Sun Dec 18 2016 10:25:13 GMT+0100 (CET)
Sun Feb 12 2017 10:25:13 GMT+0100 (CET)
Sun Feb 19 2017 10:25:13 GMT+0100 (CET)
Sun Mar 19 2017 10:25:13 GMT+0100 (CET)
Sun Mar 26 2017 10:25:13 GMT+0200 (CEST)
Mon Jun 06 2016 10:25:13 GMT+0200 (CEST)
Mon Jul 18 2016 10:25:13 GMT+0200 (CEST)
Mon Sep 26 2016 10:25:13 GMT+0200 (CEST)
Mon Dec 19 2016 10:25:13 GMT+0100 (CET)
Mon Feb 06 2017 10:25:13 GMT+0100 (CET)
Mon Feb 27 2017 10:25:13 GMT+0100 (CET)
Mon Mar 27 2017 10:25:13 GMT+0200 (CEST)
Tue Jun 07 2016 10:25:13 GMT+0200 (CEST)
Tue Jul 19 2016 10:25:13 GMT+0200 (CEST)
Tue Aug 23 2016 10:25:13 GMT+0200 (CEST)
Tue Aug 30 2016 10:25:13 GMT+0200 (CEST)
Tue Sep 06 2016 10:25:13 GMT+0200 (CEST)
Tue Sep 27 2016 10:25:13 GMT+0200 (CEST)
Tue Oct 18 2016 10:25:13 GMT+0200 (CEST)
Tue Nov 22 2016 10:25:13 GMT+0100 (CET)
Tue Nov 29 2016 10:25:13 GMT+0100 (CET)
